[
    {
        "type": "CouldNotLoadIncludeFile",
        "verbosity": "INFO",
        "path": "tfrupee.sty",
        "source": "source",
        "line": 1,
        "column": 21
    },
    {
        "type": "CouldNotLoadIncludeFile",
        "verbosity": "INFO",
        "path": "tfrupee.sty",
        "source": "source",
        "line": 1,
        "column": 21
    },
    {
        "type": "CouldNotLoadIncludeFile",
        "verbosity": "INFO",
        "path": "stmaryrd.sty",
        "source": "source",
        "line": 1,
        "column": 22
    },
    {
        "type": "CouldNotLoadIncludeFile",
        "verbosity": "INFO",
        "path": "stmaryrd.sty",
        "source": "source",
        "line": 1,
        "column": 22
    },
    {
        "type": "CouldNotLoadIncludeFile",
        "verbosity": "INFO",
        "path": "marginnote.sty",
        "source": "source",
        "line": 1,
        "column": 24
    },
    {
        "type": "CouldNotLoadIncludeFile",
        "verbosity": "INFO",
        "path": "marginnote.sty",
        "source": "source",
        "line": 1,
        "column": 24
    },
    {
        "type": "CouldNotLoadIncludeFile",
        "verbosity": "INFO",
        "path": "geometry.sty",
        "source": "source",
        "line": 1,
        "column": 38
    },
    {
        "type": "CouldNotLoadIncludeFile",
        "verbosity": "INFO",
        "path": "geometry.sty",
        "source": "source",
        "line": 1,
        "column": 38
    },
    {
        "type": "Extracting",
        "verbosity": "INFO",
        "path": "/tmp/tex2pdf.-ed89f313e2f1539c/070dca0f9f74ff4e5ac81d5efb73965b656de255.svg"
    },
    {
        "type": "Extracting",
        "verbosity": "INFO",
        "path": "/tmp/tex2pdf.-ed89f313e2f1539c/07f13ab8e3d14176ef5af699b51d426b4e5d46a4.jpg"
    },
    {
        "type": "Extracting",
        "verbosity": "INFO",
        "path": "/tmp/tex2pdf.-ed89f313e2f1539c/0a1fe1d07af8f2ea747d7a46f1802bb0d9986e51.svg"
    },
    {
        "type": "Extracting",
        "verbosity": "INFO",
        "path": "/tmp/tex2pdf.-ed89f313e2f1539c/14b8db9607ef647ae55b4f7ceae363103158f290.jpg"
    },
    {
        "type": "Extracting",
        "verbosity": "INFO",
        "path": "/tmp/tex2pdf.-ed89f313e2f1539c/1829becf32257d5a8e5d0bfba39ebbec1e512b6e.svg"
    },
    {
        "type": "Extracting",
        "verbosity": "INFO",
        "path": "/tmp/tex2pdf.-ed89f313e2f1539c/198e4cb15be3408664cc56dd4e66e54e13cc72a5.svg"
    },
    {
        "type": "Extracting",
        "verbosity": "INFO",
        "path": "/tmp/tex2pdf.-ed89f313e2f1539c/1bc4505a728d9d56ecfbcbbe1942de79e00de98d.svg"
    },
    {
        "type": "Extracting",
        "verbosity": "INFO",
        "path": "/tmp/tex2pdf.-ed89f313e2f1539c/1cb22c9db4458723fb11c499f23db52af50e15db.svg"
    },
    {
        "type": "Extracting",
        "verbosity": "INFO",
        "path": "/tmp/tex2pdf.-ed89f313e2f1539c/1dcfce38727412c8d5b73e8ce4f3a8fdd0d7e331.svg"
    },
    {
        "type": "Extracting",
        "verbosity": "INFO",
        "path": "/tmp/tex2pdf.-ed89f313e2f1539c/23dca97391ede747c54e41d52524b11813764cc7.svg"
    },
    {
        "type": "Extracting",
        "verbosity": "INFO",
        "path": "/tmp/tex2pdf.-ed89f313e2f1539c/28b0fbb731b8796398cae022733cb3bea25fb1bc.svg"
    },
    {
        "type": "Extracting",
        "verbosity": "INFO",
        "path": "/tmp/tex2pdf.-ed89f313e2f1539c/3185f98623447b945991108b572036d2fc288234.svg"
    },
    {
        "type": "Extracting",
        "verbosity": "INFO",
        "path": "/tmp/tex2pdf.-ed89f313e2f1539c/3791cf2e461d41bde0dcb3863c1d1fdb83e11b24.svg"
    },
    {
        "type": "Extracting",
        "verbosity": "INFO",
        "path": "/tmp/tex2pdf.-ed89f313e2f1539c/37eafda0818273bddbeb978efce6611c774e01ee.jpg"
    },
    {
        "type": "Extracting",
        "verbosity": "INFO",
        "path": "/tmp/tex2pdf.-ed89f313e2f1539c/3a84172645c8dd5b9b0b43877be1fef0620edc5e.svg"
    },
    {
        "type": "Extracting",
        "verbosity": "INFO",
        "path": "/tmp/tex2pdf.-ed89f313e2f1539c/3e7cdcf32a46bf6c380cc47984794baf9ff1842d.svg"
    },
    {
        "type": "Extracting",
        "verbosity": "INFO",
        "path": "/tmp/tex2pdf.-ed89f313e2f1539c/450bea91ba2372781340d80abdacfa43c7476781.svg"
    },
    {
        "type": "Extracting",
        "verbosity": "INFO",
        "path": "/tmp/tex2pdf.-ed89f313e2f1539c/4729f5bd974900c3a71c15c18441bbfa85da0f72.svg"
    },
    {
        "type": "Extracting",
        "verbosity": "INFO",
        "path": "/tmp/tex2pdf.-ed89f313e2f1539c/498d2b3f728381fef606449104ab150558fb0756.svg"
    },
    {
        "type": "Extracting",
        "verbosity": "INFO",
        "path": "/tmp/tex2pdf.-ed89f313e2f1539c/4c3eb5b426cd014dfc600af5fce10ec659344dd3.svg"
    },
    {
        "type": "Extracting",
        "verbosity": "INFO",
        "path": "/tmp/tex2pdf.-ed89f313e2f1539c/4f7aa10d4e6ac49e8f6f70fbd679043a640ec0dd.svg"
    },
    {
        "type": "Extracting",
        "verbosity": "INFO",
        "path": "/tmp/tex2pdf.-ed89f313e2f1539c/52e51f335df225e48b495c92c9983aacee8f5b70.svg"
    },
    {
        "type": "Extracting",
        "verbosity": "INFO",
        "path": "/tmp/tex2pdf.-ed89f313e2f1539c/53fc834a68a2b880cf7ca07746e5b838d8e93a92.svg"
    },
    {
        "type": "Extracting",
        "verbosity": "INFO",
        "path": "/tmp/tex2pdf.-ed89f313e2f1539c/56358fb8609fb2fb7043dad3da6fe1e1664a5aff.svg"
    },
    {
        "type": "Extracting",
        "verbosity": "INFO",
        "path": "/tmp/tex2pdf.-ed89f313e2f1539c/564bdb0d8c29f5695d5fd294bcb82022cba65b3d.jpg"
    },
    {
        "type": "Extracting",
        "verbosity": "INFO",
        "path": "/tmp/tex2pdf.-ed89f313e2f1539c/58d62f78d2c2e22e88599e6c5b9f652843c620c1.svg"
    },
    {
        "type": "Extracting",
        "verbosity": "INFO",
        "path": "/tmp/tex2pdf.-ed89f313e2f1539c/5c4c0c4f106e93f15c476cd1e84bb549cc1cddd8.svg"
    },
    {
        "type": "Extracting",
        "verbosity": "INFO",
        "path": "/tmp/tex2pdf.-ed89f313e2f1539c/64e4820a5ec7a6f49ed7e8a2ae759232948f4d6e.svg"
    },
    {
        "type": "Extracting",
        "verbosity": "INFO",
        "path": "/tmp/tex2pdf.-ed89f313e2f1539c/65df83c2656adf22ac8d1c1e640da64a6e597988.svg"
    },
    {
        "type": "Extracting",
        "verbosity": "INFO",
        "path": "/tmp/tex2pdf.-ed89f313e2f1539c/6d43c32872248ee643573f68f990c7ebc50bf2ee.svg"
    },
    {
        "type": "Extracting",
        "verbosity": "INFO",
        "path": "/tmp/tex2pdf.-ed89f313e2f1539c/6f18dfe8454ae00db8e1b8cd43113d998c025fe2.svg"
    },
    {
        "type": "Extracting",
        "verbosity": "INFO",
        "path": "/tmp/tex2pdf.-ed89f313e2f1539c/7ded979c1a5f14a6200719c41c62e9283f5d3fc4.svg"
    },
    {
        "type": "Extracting",
        "verbosity": "INFO",
        "path": "/tmp/tex2pdf.-ed89f313e2f1539c/87d0c96ec88ba0274699138df036ae804c484925.svg"
    },
    {
        "type": "Extracting",
        "verbosity": "INFO",
        "path": "/tmp/tex2pdf.-ed89f313e2f1539c/8af17bad482a10731bf3a31643cc770e96b0fce4.jpg"
    },
    {
        "type": "Extracting",
        "verbosity": "INFO",
        "path": "/tmp/tex2pdf.-ed89f313e2f1539c/8b412176008ac9ef01995a43602d554857058a89.svg"
    },
    {
        "type": "Extracting",
        "verbosity": "INFO",
        "path": "/tmp/tex2pdf.-ed89f313e2f1539c/8b801a965f4fc8fec92dbe73aa0e6353e43a939e.svg"
    },
    {
        "type": "Extracting",
        "verbosity": "INFO",
        "path": "/tmp/tex2pdf.-ed89f313e2f1539c/8bd33dfcf8b00197ab1d0f16091705d39ba48703.svg"
    },
    {
        "type": "Extracting",
        "verbosity": "INFO",
        "path": "/tmp/tex2pdf.-ed89f313e2f1539c/9119427a856b52419237aed8570d8d3105c1e9d1.svg"
    },
    {
        "type": "Extracting",
        "verbosity": "INFO",
        "path": "/tmp/tex2pdf.-ed89f313e2f1539c/a38dec285d5b531c7b8358230c772eea9e8f9d88.svg"
    },
    {
        "type": "Extracting",
        "verbosity": "INFO",
        "path": "/tmp/tex2pdf.-ed89f313e2f1539c/a945c55002c0a6353e5f77580a30a6adc886d607.svg"
    },
    {
        "type": "Extracting",
        "verbosity": "INFO",
        "path": "/tmp/tex2pdf.-ed89f313e2f1539c/b6462a99a133076683d4d2d2ff0ba634c19d3c4e.svg"
    },
    {
        "type": "Extracting",
        "verbosity": "INFO",
        "path": "/tmp/tex2pdf.-ed89f313e2f1539c/bd83255fa28f7e1ab4a8fb965f489ac2fe52901c.svg"
    },
    {
        "type": "Extracting",
        "verbosity": "INFO",
        "path": "/tmp/tex2pdf.-ed89f313e2f1539c/c04e97964f2f304bbafe7cfcebd112c92cb7388d.svg"
    },
    {
        "type": "Extracting",
        "verbosity": "INFO",
        "path": "/tmp/tex2pdf.-ed89f313e2f1539c/ca37cfeab0e8741a9771f7edbc20d8589b15c5d3.svg"
    },
    {
        "type": "Extracting",
        "verbosity": "INFO",
        "path": "/tmp/tex2pdf.-ed89f313e2f1539c/dc2774d4d1f008d31c2e47c8264c73d683cac150.svg"
    },
    {
        "type": "Extracting",
        "verbosity": "INFO",
        "path": "/tmp/tex2pdf.-ed89f313e2f1539c/e6dc6ef9cc1dc7c88921827c9fb7b310cc19c8f1.svg"
    },
    {
        "type": "Extracting",
        "verbosity": "INFO",
        "path": "/tmp/tex2pdf.-ed89f313e2f1539c/e734fdd147fdb9fd600ef7c836b417210b4d86b1.svg"
    },
    {
        "type": "Extracting",
        "verbosity": "INFO",
        "path": "/tmp/tex2pdf.-ed89f313e2f1539c/e7754dcd99aaee29d0c20e6cc9a37e41c766ae22.svg"
    },
    {
        "type": "Extracting",
        "verbosity": "INFO",
        "path": "/tmp/tex2pdf.-ed89f313e2f1539c/f37e0fdfb95ebaeb0f9361a0b7d7cbf6b87567b1.svg"
    },
    {
        "type": "Extracting",
        "verbosity": "INFO",
        "path": "/tmp/tex2pdf.-ed89f313e2f1539c/fb083152ae98756fbf6cef3fad150c1c271d920e.svg"
    }
]